{"C:\\Users\\User\\IdeaProjects\\CF7-Node\\jestApp\\index.js": {"path":"C:\\Users\\User\\IdeaProjects\\CF7-Node\\jestApp\\index.js","statementMap":{"0":{"start":{"line":1,"column":23},"end":{"line":16,"column":1}},"1":{"start":{"line":3,"column":8},"end":{"line":3,"column":21}},"2":{"start":{"line":7,"column":8},"end":{"line":7,"column":21}},"3":{"start":{"line":10,"column":8},"end":{"line":10,"column":19}},"4":{"start":{"line":14,"column":8},"end":{"line":14,"column":21}},"5":{"start":{"line":19,"column":0},"end":{"line":19,"column":32}}},"fnMap":{"0":{"name":"(anonymous_0)","decl":{"start":{"line":2,"column":9},"end":{"line":2,"column":10}},"loc":{"start":{"line":2,"column":25},"end":{"line":4,"column":5}},"line":2},"1":{"name":"(anonymous_1)","decl":{"start":{"line":6,"column":9},"end":{"line":6,"column":10}},"loc":{"start":{"line":6,"column":24},"end":{"line":8,"column":5}},"line":6},"2":{"name":"(anonymous_2)","decl":{"start":{"line":9,"column":13},"end":{"line":9,"column":14}},"loc":{"start":{"line":9,"column":28},"end":{"line":11,"column":5}},"line":9},"3":{"name":"(anonymous_3)","decl":{"start":{"line":13,"column":12},"end":{"line":13,"column":13}},"loc":{"start":{"line":13,"column":26},"end":{"line":15,"column":5}},"line":13}},"branchMap":{},"s":{"0":1,"1":2,"2":0,"3":0,"4":0,"5":1},"f":{"0":2,"1":0,"2":0,"3":0},"b":{},"_coverageSchema":"1a1c01bbd47fc00a2c39e90264f33305004495a9","hash":"0fb13a0e7a45372b1e8a7590803e4cc137d5d7a5"}
}
