{"C:\\Users\\User\\IdeaProjects\\CF7-Node\\usersApp\\app.js": {"path":"C:\\Users\\User\\IdeaProjects\\CF7-Node\\usersApp\\app.js","statementMap":{"0":{"start":{"line":1,"column":16},"end":{"line":1,"column":34}},"1":{"start":{"line":2,"column":12},"end":{"line":2,"column":21}},"2":{"start":{"line":3,"column":13},"end":{"line":3,"column":28}},"3":{"start":{"line":6,"column":0},"end":{"line":6,"column":24}},"4":{"start":{"line":7,"column":0},"end":{"line":7,"column":46}},"5":{"start":{"line":9,"column":18},"end":{"line":9,"column":47}},"6":{"start":{"line":10,"column":24},"end":{"line":10,"column":44}},"7":{"start":{"line":12,"column":13},"end":{"line":12,"column":44}},"8":{"start":{"line":13,"column":20},"end":{"line":13,"column":60}},"9":{"start":{"line":14,"column":13},"end":{"line":14,"column":44}},"10":{"start":{"line":16,"column":0},"end":{"line":19,"column":5}},"11":{"start":{"line":22,"column":0},"end":{"line":22,"column":27}},"12":{"start":{"line":23,"column":0},"end":{"line":23,"column":28}},"13":{"start":{"line":24,"column":0},"end":{"line":24,"column":42}},"14":{"start":{"line":26,"column":0},"end":{"line":26,"column":37}},"15":{"start":{"line":28,"column":0},"end":{"line":31,"column":1}},"16":{"start":{"line":33,"column":0},"end":{"line":33,"column":21}}},"fnMap":{},"branchMap":{},"s":{"0":1,"1":1,"2":1,"3":1,"4":1,"5":1,"6":1,"7":1,"8":1,"9":1,"10":1,"11":1,"12":1,"13":1,"14":1,"15":1,"16":1},"f":{},"b":{},"_coverageSchema":"1a1c01bbd47fc00a2c39e90264f33305004495a9","hash":"8ac70287c92d8ed43d8cdea00ee78a4c82f74da7"}
,"C:\\Users\\User\\IdeaProjects\\CF7-Node\\usersApp\\swagger.js": {"path":"C:\\Users\\User\\IdeaProjects\\CF7-Node\\usersApp\\swagger.js","statementMap":{"0":{"start":{"line":1,"column":12},"end":{"line":1,"column":42}},"1":{"start":{"line":2,"column":13},"end":{"line":2,"column":43}},"2":{"start":{"line":4,"column":0},"end":{"line":257,"column":1}}},"fnMap":{},"branchMap":{},"s":{"0":1,"1":1,"2":1},"f":{},"b":{},"_coverageSchema":"1a1c01bbd47fc00a2c39e90264f33305004495a9","hash":"c749822e6be4426e26bc8b9fd8608611970e7852"}
,"C:\\Users\\User\\IdeaProjects\\CF7-Node\\usersApp\\controllers\\auth.controller.js": {"path":"C:\\Users\\User\\IdeaProjects\\CF7-Node\\usersApp\\controllers\\auth.controller.js","statementMap":{"0":{"start":{"line":1,"column":15},"end":{"line":1,"column":32}},"1":{"start":{"line":2,"column":13},"end":{"line":2,"column":44}},"2":{"start":{"line":3,"column":20},"end":{"line":3,"column":55}},"3":{"start":{"line":5,"column":0},"end":{"line":31,"column":1}},"4":{"start":{"line":6,"column":4},"end":{"line":6,"column":40}},"5":{"start":{"line":8,"column":21},"end":{"line":8,"column":38}},"6":{"start":{"line":9,"column":21},"end":{"line":9,"column":38}},"7":{"start":{"line":12,"column":4},"end":{"line":30,"column":5}},"8":{"start":{"line":13,"column":23},"end":{"line":13,"column":106}},"9":{"start":{"line":15,"column":24},"end":{"line":15,"column":71}},"10":{"start":{"line":19,"column":8},"end":{"line":26,"column":9}},"11":{"start":{"line":21,"column":26},"end":{"line":21,"column":65}},"12":{"start":{"line":23,"column":12},"end":{"line":23,"column":61}},"13":{"start":{"line":25,"column":12},"end":{"line":25,"column":77}},"14":{"start":{"line":28,"column":8},"end":{"line":28,"column":46}},"15":{"start":{"line":29,"column":8},"end":{"line":29,"column":56}},"16":{"start":{"line":33,"column":0},"end":{"line":47,"column":1}},"17":{"start":{"line":34,"column":15},"end":{"line":34,"column":29}},"18":{"start":{"line":36,"column":2},"end":{"line":46,"column":3}},"19":{"start":{"line":37,"column":4},"end":{"line":37,"column":81}},"20":{"start":{"line":39,"column":15},"end":{"line":39,"column":49}},"21":{"start":{"line":40,"column":4},"end":{"line":45,"column":5}},"22":{"start":{"line":41,"column":6},"end":{"line":41,"column":31}},"23":{"start":{"line":42,"column":6},"end":{"line":42,"column":55}},"24":{"start":{"line":44,"column":6},"end":{"line":44,"column":76}}},"fnMap":{"0":{"name":"(anonymous_0)","decl":{"start":{"line":5,"column":16},"end":{"line":5,"column":17}},"loc":{"start":{"line":5,"column":35},"end":{"line":31,"column":1}},"line":5},"1":{"name":"(anonymous_1)","decl":{"start":{"line":33,"column":22},"end":{"line":33,"column":23}},"loc":{"start":{"line":33,"column":41},"end":{"line":47,"column":1}},"line":33}},"branchMap":{"0":{"loc":{"start":{"line":19,"column":8},"end":{"line":26,"column":9}},"type":"if","locations":[{"start":{"line":19,"column":8},"end":{"line":26,"column":9}},{"start":{"line":24,"column":15},"end":{"line":26,"column":9}}],"line":19},"1":{"loc":{"start":{"line":19,"column":11},"end":{"line":19,"column":60}},"type":"binary-expr","locations":[{"start":{"line":19,"column":11},"end":{"line":19,"column":17}},{"start":{"line":19,"column":21},"end":{"line":19,"column":49}},{"start":{"line":19,"column":53},"end":{"line":19,"column":60}}],"line":19},"2":{"loc":{"start":{"line":36,"column":2},"end":{"line":46,"column":3}},"type":"if","locations":[{"start":{"line":36,"column":2},"end":{"line":46,"column":3}},{"start":{"line":38,"column":9},"end":{"line":46,"column":3}}],"line":36},"3":{"loc":{"start":{"line":40,"column":4},"end":{"line":45,"column":5}},"type":"if","locations":[{"start":{"line":40,"column":4},"end":{"line":45,"column":5}},{"start":{"line":43,"column":11},"end":{"line":45,"column":5}}],"line":40}},"s":{"0":1,"1":1,"2":1,"3":1,"4":0,"5":0,"6":0,"7":0,"8":0,"9":0,"10":0,"11":0,"12":0,"13":0,"14":0,"15":0,"16":1,"17":0,"18":0,"19":0,"20":0,"21":0,"22":0,"23":0,"24":0},"f":{"0":0,"1":0},"b":{"0":[0,0],"1":[0,0,0],"2":[0,0],"3":[0,0]},"_coverageSchema":"1a1c01bbd47fc00a2c39e90264f33305004495a9","hash":"10268fadbe2ab71de2ef48be2adf2595c97016c5"}
,"C:\\Users\\User\\IdeaProjects\\CF7-Node\\usersApp\\controllers\\user.controller.js": {"path":"C:\\Users\\User\\IdeaProjects\\CF7-Node\\usersApp\\controllers\\user.controller.js","statementMap":{"0":{"start":{"line":1,"column":13},"end":{"line":1,"column":44}},"1":{"start":{"line":2,"column":20},"end":{"line":2,"column":56}},"2":{"start":{"line":3,"column":15},"end":{"line":3,"column":32}},"3":{"start":{"line":5,"column":15},"end":{"line":5,"column":42}},"4":{"start":{"line":8,"column":0},"end":{"line":23,"column":1}},"5":{"start":{"line":9,"column":2},"end":{"line":9,"column":54}},"6":{"start":{"line":11,"column":2},"end":{"line":22,"column":3}},"7":{"start":{"line":13,"column":19},"end":{"line":13,"column":46}},"8":{"start":{"line":14,"column":4},"end":{"line":14,"column":55}},"9":{"start":{"line":15,"column":4},"end":{"line":15,"column":54}},"10":{"start":{"line":16,"column":4},"end":{"line":16,"column":53}},"11":{"start":{"line":17,"column":4},"end":{"line":17,"column":38}},"12":{"start":{"line":19,"column":4},"end":{"line":19,"column":49}},"13":{"start":{"line":20,"column":4},"end":{"line":20,"column":25}},"14":{"start":{"line":21,"column":4},"end":{"line":21,"column":52}},"15":{"start":{"line":25,"column":0},"end":{"line":41,"column":1}},"16":{"start":{"line":26,"column":2},"end":{"line":26,"column":50}},"17":{"start":{"line":27,"column":17},"end":{"line":27,"column":36}},"18":{"start":{"line":29,"column":2},"end":{"line":40,"column":3}},"19":{"start":{"line":31,"column":19},"end":{"line":31,"column":54}},"20":{"start":{"line":32,"column":4},"end":{"line":36,"column":5}},"21":{"start":{"line":33,"column":6},"end":{"line":33,"column":56}},"22":{"start":{"line":35,"column":6},"end":{"line":35,"column":68}},"23":{"start":{"line":38,"column":4},"end":{"line":38,"column":46}},"24":{"start":{"line":39,"column":4},"end":{"line":39,"column":53}},"25":{"start":{"line":43,"column":0},"end":{"line":69,"column":1}},"26":{"start":{"line":44,"column":2},"end":{"line":44,"column":29}},"27":{"start":{"line":45,"column":13},"end":{"line":45,"column":21}},"28":{"start":{"line":47,"column":23},"end":{"line":47,"column":25}},"29":{"start":{"line":48,"column":25},"end":{"line":48,"column":71}},"30":{"start":{"line":50,"column":18},"end":{"line":60,"column":4}},"31":{"start":{"line":62,"column":2},"end":{"line":68,"column":3}},"32":{"start":{"line":63,"column":19},"end":{"line":63,"column":39}},"33":{"start":{"line":64,"column":4},"end":{"line":64,"column":55}},"34":{"start":{"line":66,"column":4},"end":{"line":66,"column":49}},"35":{"start":{"line":67,"column":4},"end":{"line":67,"column":53}},"36":{"start":{"line":71,"column":0},"end":{"line":91,"column":1}},"37":{"start":{"line":72,"column":19},"end":{"line":72,"column":36}},"38":{"start":{"line":74,"column":2},"end":{"line":74,"column":53}},"39":{"start":{"line":75,"column":21},"end":{"line":83,"column":3}},"40":{"start":{"line":84,"column":2},"end":{"line":90,"column":3}},"41":{"start":{"line":85,"column":19},"end":{"line":85,"column":92}},"42":{"start":{"line":86,"column":4},"end":{"line":86,"column":53}},"43":{"start":{"line":88,"column":4},"end":{"line":88,"column":49}},"44":{"start":{"line":89,"column":4},"end":{"line":89,"column":52}},"45":{"start":{"line":93,"column":0},"end":{"line":104,"column":1}},"46":{"start":{"line":94,"column":21},"end":{"line":94,"column":40}},"47":{"start":{"line":95,"column":4},"end":{"line":95,"column":55}},"48":{"start":{"line":97,"column":4},"end":{"line":103,"column":5}},"49":{"start":{"line":98,"column":21},"end":{"line":98,"column":69}},"50":{"start":{"line":99,"column":6},"end":{"line":99,"column":56}},"51":{"start":{"line":101,"column":6},"end":{"line":101,"column":51}},"52":{"start":{"line":102,"column":6},"end":{"line":102,"column":55}},"53":{"start":{"line":107,"column":0},"end":{"line":119,"column":1}},"54":{"start":{"line":108,"column":19},"end":{"line":108,"column":38}},"55":{"start":{"line":109,"column":16},"end":{"line":109,"column":32}},"56":{"start":{"line":110,"column":2},"end":{"line":110,"column":45}},"57":{"start":{"line":112,"column":2},"end":{"line":118,"column":3}},"58":{"start":{"line":113,"column":19},"end":{"line":113,"column":61}},"59":{"start":{"line":114,"column":4},"end":{"line":114,"column":54}},"60":{"start":{"line":116,"column":4},"end":{"line":116,"column":53}},"61":{"start":{"line":117,"column":4},"end":{"line":117,"column":53}}},"fnMap":{"0":{"name":"(anonymous_0)","decl":{"start":{"line":8,"column":18},"end":{"line":8,"column":19}},"loc":{"start":{"line":8,"column":37},"end":{"line":23,"column":1}},"line":8},"1":{"name":"(anonymous_1)","decl":{"start":{"line":25,"column":18},"end":{"line":25,"column":19}},"loc":{"start":{"line":25,"column":37},"end":{"line":41,"column":1}},"line":25},"2":{"name":"(anonymous_2)","decl":{"start":{"line":43,"column":17},"end":{"line":43,"column":18}},"loc":{"start":{"line":43,"column":36},"end":{"line":69,"column":1}},"line":43},"3":{"name":"(anonymous_3)","decl":{"start":{"line":71,"column":17},"end":{"line":71,"column":18}},"loc":{"start":{"line":71,"column":36},"end":{"line":91,"column":1}},"line":71},"4":{"name":"(anonymous_4)","decl":{"start":{"line":93,"column":27},"end":{"line":93,"column":28}},"loc":{"start":{"line":93,"column":46},"end":{"line":104,"column":1}},"line":93},"5":{"name":"(anonymous_5)","decl":{"start":{"line":107,"column":24},"end":{"line":107,"column":25}},"loc":{"start":{"line":107,"column":43},"end":{"line":119,"column":1}},"line":107}},"branchMap":{"0":{"loc":{"start":{"line":32,"column":4},"end":{"line":36,"column":5}},"type":"if","locations":[{"start":{"line":32,"column":4},"end":{"line":36,"column":5}},{"start":{"line":34,"column":11},"end":{"line":36,"column":5}}],"line":32}},"s":{"0":1,"1":1,"2":1,"3":1,"4":1,"5":2,"6":2,"7":2,"8":2,"9":2,"10":2,"11":2,"12":0,"13":0,"14":0,"15":1,"16":0,"17":0,"18":0,"19":0,"20":0,"21":0,"22":0,"23":0,"24":0,"25":1,"26":0,"27":0,"28":0,"29":0,"30":0,"31":0,"32":0,"33":0,"34":0,"35":0,"36":1,"37":0,"38":0,"39":0,"40":0,"41":0,"42":0,"43":0,"44":0,"45":1,"46":0,"47":0,"48":0,"49":0,"50":0,"51":0,"52":0,"53":1,"54":0,"55":0,"56":0,"57":0,"58":0,"59":0,"60":0,"61":0},"f":{"0":2,"1":0,"2":0,"3":0,"4":0,"5":0},"b":{"0":[0,0]},"_coverageSchema":"1a1c01bbd47fc00a2c39e90264f33305004495a9","hash":"52f46710efcc2dc5818f3fcd4255dd0695b1fbad"}
,"C:\\Users\\User\\IdeaProjects\\CF7-Node\\usersApp\\controllers\\user.product.controller.js": {"path":"C:\\Users\\User\\IdeaProjects\\CF7-Node\\usersApp\\controllers\\user.product.controller.js","statementMap":{"0":{"start":{"line":2,"column":13},"end":{"line":2,"column":44}},"1":{"start":{"line":4,"column":0},"end":{"line":15,"column":1}},"2":{"start":{"line":5,"column":4},"end":{"line":5,"column":51}},"3":{"start":{"line":7,"column":4},"end":{"line":14,"column":5}},"4":{"start":{"line":8,"column":23},"end":{"line":8,"column":75}},"5":{"start":{"line":9,"column":8},"end":{"line":9,"column":57}},"6":{"start":{"line":10,"column":8},"end":{"line":10,"column":27}},"7":{"start":{"line":12,"column":8},"end":{"line":12,"column":60}},"8":{"start":{"line":13,"column":8},"end":{"line":13,"column":56}},"9":{"start":{"line":17,"column":0},"end":{"line":29,"column":1}},"10":{"start":{"line":18,"column":4},"end":{"line":18,"column":50}},"11":{"start":{"line":19,"column":21},"end":{"line":19,"column":40}},"12":{"start":{"line":21,"column":4},"end":{"line":28,"column":5}},"13":{"start":{"line":22,"column":23},"end":{"line":22,"column":95}},"14":{"start":{"line":23,"column":8},"end":{"line":23,"column":58}},"15":{"start":{"line":24,"column":8},"end":{"line":24,"column":27}},"16":{"start":{"line":26,"column":8},"end":{"line":26,"column":63}},"17":{"start":{"line":27,"column":8},"end":{"line":27,"column":55}},"18":{"start":{"line":31,"column":0},"end":{"line":51,"column":1}},"19":{"start":{"line":32,"column":4},"end":{"line":32,"column":43}},"20":{"start":{"line":33,"column":21},"end":{"line":33,"column":38}},"21":{"start":{"line":34,"column":21},"end":{"line":34,"column":38}},"22":{"start":{"line":36,"column":4},"end":{"line":50,"column":5}},"23":{"start":{"line":37,"column":23},"end":{"line":44,"column":9}},"24":{"start":{"line":45,"column":8},"end":{"line":45,"column":59}},"25":{"start":{"line":46,"column":8},"end":{"line":46,"column":47}},"26":{"start":{"line":48,"column":8},"end":{"line":48,"column":52}},"27":{"start":{"line":49,"column":8},"end":{"line":49,"column":56}},"28":{"start":{"line":53,"column":0},"end":{"line":74,"column":3}},"29":{"start":{"line":54,"column":21},"end":{"line":54,"column":38}},"30":{"start":{"line":55,"column":23},"end":{"line":55,"column":43}},"31":{"start":{"line":56,"column":29},"end":{"line":56,"column":54}},"32":{"start":{"line":58,"column":4},"end":{"line":58,"column":58}},"33":{"start":{"line":60,"column":4},"end":{"line":60,"column":39}},"34":{"start":{"line":61,"column":4},"end":{"line":73,"column":5}},"35":{"start":{"line":62,"column":21},"end":{"line":68,"column":7}},"36":{"start":{"line":69,"column":6},"end":{"line":69,"column":57}},"37":{"start":{"line":71,"column":6},"end":{"line":71,"column":54}},"38":{"start":{"line":72,"column":6},"end":{"line":72,"column":55}},"39":{"start":{"line":76,"column":0},"end":{"line":96,"column":1}},"40":{"start":{"line":77,"column":21},"end":{"line":77,"column":40}},"41":{"start":{"line":78,"column":23},"end":{"line":78,"column":36}},"42":{"start":{"line":80,"column":4},"end":{"line":80,"column":53}},"43":{"start":{"line":82,"column":4},"end":{"line":95,"column":5}},"44":{"start":{"line":83,"column":23},"end":{"line":90,"column":9}},"45":{"start":{"line":91,"column":8},"end":{"line":91,"column":59}},"46":{"start":{"line":93,"column":8},"end":{"line":93,"column":56}},"47":{"start":{"line":94,"column":8},"end":{"line":94,"column":57}},"48":{"start":{"line":98,"column":0},"end":{"line":129,"column":1}},"49":{"start":{"line":99,"column":4},"end":{"line":99,"column":73}},"50":{"start":{"line":101,"column":4},"end":{"line":128,"column":5}},"51":{"start":{"line":102,"column":23},"end":{"line":123,"column":10}},"52":{"start":{"line":124,"column":8},"end":{"line":124,"column":57}},"53":{"start":{"line":126,"column":8},"end":{"line":126,"column":46}},"54":{"start":{"line":127,"column":8},"end":{"line":127,"column":57}}},"fnMap":{"0":{"name":"(anonymous_0)","decl":{"start":{"line":4,"column":18},"end":{"line":4,"column":19}},"loc":{"start":{"line":4,"column":37},"end":{"line":15,"column":1}},"line":4},"1":{"name":"(anonymous_1)","decl":{"start":{"line":17,"column":18},"end":{"line":17,"column":19}},"loc":{"start":{"line":17,"column":37},"end":{"line":29,"column":1}},"line":17},"2":{"name":"(anonymous_2)","decl":{"start":{"line":31,"column":17},"end":{"line":31,"column":18}},"loc":{"start":{"line":31,"column":36},"end":{"line":51,"column":1}},"line":31},"3":{"name":"(anonymous_3)","decl":{"start":{"line":53,"column":17},"end":{"line":53,"column":18}},"loc":{"start":{"line":53,"column":36},"end":{"line":74,"column":3}},"line":53},"4":{"name":"(anonymous_4)","decl":{"start":{"line":76,"column":17},"end":{"line":76,"column":18}},"loc":{"start":{"line":76,"column":36},"end":{"line":96,"column":1}},"line":76},"5":{"name":"(anonymous_5)","decl":{"start":{"line":98,"column":17},"end":{"line":98,"column":18}},"loc":{"start":{"line":98,"column":36},"end":{"line":129,"column":1}},"line":98}},"branchMap":{},"s":{"0":1,"1":1,"2":0,"3":0,"4":0,"5":0,"6":0,"7":0,"8":0,"9":1,"10":0,"11":0,"12":0,"13":0,"14":0,"15":0,"16":0,"17":0,"18":1,"19":0,"20":0,"21":0,"22":0,"23":0,"24":0,"25":0,"26":0,"27":0,"28":1,"29":0,"30":0,"31":0,"32":0,"33":0,"34":0,"35":0,"36":0,"37":0,"38":0,"39":1,"40":0,"41":0,"42":0,"43":0,"44":0,"45":0,"46":0,"47":0,"48":1,"49":0,"50":0,"51":0,"52":0,"53":0,"54":0},"f":{"0":0,"1":0,"2":0,"3":0,"4":0,"5":0},"b":{},"_coverageSchema":"1a1c01bbd47fc00a2c39e90264f33305004495a9","hash":"ec261422f042bd849cec6ec18117777501b515ed"}
,"C:\\Users\\User\\IdeaProjects\\CF7-Node\\usersApp\\logger\\logger.js": {"path":"C:\\Users\\User\\IdeaProjects\\CF7-Node\\usersApp\\logger\\logger.js","statementMap":{"0":{"start":{"line":1,"column":16},"end":{"line":1,"column":34}},"1":{"start":{"line":42,"column":0},"end":{"line":42,"column":36}},"2":{"start":{"line":43,"column":0},"end":{"line":43,"column":26}},"3":{"start":{"line":44,"column":45},"end":{"line":44,"column":63}},"4":{"start":{"line":45,"column":46},"end":{"line":45,"column":52}},"5":{"start":{"line":46,"column":17},"end":{"line":46,"column":36}},"6":{"start":{"line":47,"column":28},"end":{"line":52,"column":2}},"7":{"start":{"line":55,"column":15},"end":{"line":94,"column":2}},"8":{"start":{"line":97,"column":0},"end":{"line":97,"column":24}}},"fnMap":{},"branchMap":{},"s":{"0":1,"1":1,"2":1,"3":1,"4":1,"5":1,"6":1,"7":1,"8":1},"f":{},"b":{},"_coverageSchema":"1a1c01bbd47fc00a2c39e90264f33305004495a9","hash":"c971f63834fb72b2a13a91e918eb3f51ac2025dc"}
,"C:\\Users\\User\\IdeaProjects\\CF7-Node\\usersApp\\middlewares\\auth.middleware.js": {"path":"C:\\Users\\User\\IdeaProjects\\CF7-Node\\usersApp\\middlewares\\auth.middleware.js","statementMap":{"0":{"start":{"line":1,"column":12},"end":{"line":1,"column":35}},"1":{"start":{"line":2,"column":20},"end":{"line":2,"column":55}},"2":{"start":{"line":5,"column":21},"end":{"line":5,"column":49}},"3":{"start":{"line":7,"column":16},"end":{"line":7,"column":54}},"4":{"start":{"line":9,"column":2},"end":{"line":11,"column":3}},"5":{"start":{"line":10,"column":4},"end":{"line":10,"column":93}},"6":{"start":{"line":13,"column":17},"end":{"line":13,"column":53}},"7":{"start":{"line":15,"column":2},"end":{"line":20,"column":3}},"8":{"start":{"line":16,"column":4},"end":{"line":16,"column":27}},"9":{"start":{"line":17,"column":4},"end":{"line":17,"column":11}},"10":{"start":{"line":19,"column":4},"end":{"line":19,"column":67}},"11":{"start":{"line":24,"column":2},"end":{"line":37,"column":3}},"12":{"start":{"line":26,"column":4},"end":{"line":28,"column":5}},"13":{"start":{"line":27,"column":6},"end":{"line":27,"column":85}},"14":{"start":{"line":29,"column":22},"end":{"line":29,"column":36}},"15":{"start":{"line":31,"column":26},"end":{"line":31,"column":57}},"16":{"start":{"line":33,"column":4},"end":{"line":35,"column":5}},"17":{"start":{"line":34,"column":6},"end":{"line":34,"column":95}},"18":{"start":{"line":36,"column":4},"end":{"line":36,"column":11}},"19":{"start":{"line":40,"column":0},"end":{"line":40,"column":46}}},"fnMap":{"0":{"name":"verifyToken","decl":{"start":{"line":4,"column":9},"end":{"line":4,"column":20}},"loc":{"start":{"line":4,"column":37},"end":{"line":21,"column":1}},"line":4},"1":{"name":"verifyRoles","decl":{"start":{"line":23,"column":9},"end":{"line":23,"column":20}},"loc":{"start":{"line":23,"column":34},"end":{"line":38,"column":1}},"line":23},"2":{"name":"(anonymous_2)","decl":{"start":{"line":24,"column":9},"end":{"line":24,"column":10}},"loc":{"start":{"line":24,"column":29},"end":{"line":37,"column":3}},"line":24}},"branchMap":{"0":{"loc":{"start":{"line":7,"column":16},"end":{"line":7,"column":54}},"type":"binary-expr","locations":[{"start":{"line":7,"column":16},"end":{"line":7,"column":26}},{"start":{"line":7,"column":30},"end":{"line":7,"column":54}}],"line":7},"1":{"loc":{"start":{"line":9,"column":2},"end":{"line":11,"column":3}},"type":"if","locations":[{"start":{"line":9,"column":2},"end":{"line":11,"column":3}},{"start":{},"end":{}}],"line":9},"2":{"loc":{"start":{"line":15,"column":2},"end":{"line":20,"column":3}},"type":"if","locations":[{"start":{"line":15,"column":2},"end":{"line":20,"column":3}},{"start":{"line":18,"column":9},"end":{"line":20,"column":3}}],"line":15},"3":{"loc":{"start":{"line":26,"column":4},"end":{"line":28,"column":5}},"type":"if","locations":[{"start":{"line":26,"column":4},"end":{"line":28,"column":5}},{"start":{},"end":{}}],"line":26},"4":{"loc":{"start":{"line":26,"column":8},"end":{"line":26,"column":36}},"type":"binary-expr","locations":[{"start":{"line":26,"column":8},"end":{"line":26,"column":17}},{"start":{"line":26,"column":21},"end":{"line":26,"column":36}}],"line":26},"5":{"loc":{"start":{"line":33,"column":4},"end":{"line":35,"column":5}},"type":"if","locations":[{"start":{"line":33,"column":4},"end":{"line":35,"column":5}},{"start":{},"end":{}}],"line":33}},"s":{"0":1,"1":1,"2":0,"3":0,"4":0,"5":0,"6":0,"7":0,"8":0,"9":0,"10":0,"11":4,"12":0,"13":0,"14":0,"15":0,"16":0,"17":0,"18":0,"19":1},"f":{"0":0,"1":4,"2":0},"b":{"0":[0,0],"1":[0,0],"2":[0,0],"3":[0,0],"4":[0,0],"5":[0,0]},"_coverageSchema":"1a1c01bbd47fc00a2c39e90264f33305004495a9","hash":"ae2572511a25fa6229eba19d1ee5dc16baac5328"}
,"C:\\Users\\User\\IdeaProjects\\CF7-Node\\usersApp\\models\\user.model.js": {"path":"C:\\Users\\User\\IdeaProjects\\CF7-Node\\usersApp\\models\\user.model.js","statementMap":{"0":{"start":{"line":1,"column":17},"end":{"line":1,"column":36}},"1":{"start":{"line":3,"column":15},"end":{"line":3,"column":30}},"2":{"start":{"line":5,"column":20},"end":{"line":8,"column":15}},"3":{"start":{"line":10,"column":18},"end":{"line":13,"column":16}},"4":{"start":{"line":15,"column":21},"end":{"line":20,"column":2}},"5":{"start":{"line":22,"column":17},"end":{"line":63,"column":1}},"6":{"start":{"line":65,"column":0},"end":{"line":65,"column":51}}},"fnMap":{},"branchMap":{},"s":{"0":1,"1":1,"2":1,"3":1,"4":1,"5":1,"6":1},"f":{},"b":{},"_coverageSchema":"1a1c01bbd47fc00a2c39e90264f33305004495a9","hash":"ddd9a457308f2aa446cc697ce6b464070bf7c24c"}
,"C:\\Users\\User\\IdeaProjects\\CF7-Node\\usersApp\\routes\\auth.routes.js": {"path":"C:\\Users\\User\\IdeaProjects\\CF7-Node\\usersApp\\routes\\auth.routes.js","statementMap":{"0":{"start":{"line":1,"column":16},"end":{"line":1,"column":34}},"1":{"start":{"line":3,"column":15},"end":{"line":3,"column":31}},"2":{"start":{"line":5,"column":23},"end":{"line":5,"column":64}},"3":{"start":{"line":7,"column":0},"end":{"line":7,"column":44}},"4":{"start":{"line":8,"column":0},"end":{"line":8,"column":59}},"5":{"start":{"line":10,"column":0},"end":{"line":10,"column":24}}},"fnMap":{},"branchMap":{},"s":{"0":1,"1":1,"2":1,"3":1,"4":1,"5":1},"f":{},"b":{},"_coverageSchema":"1a1c01bbd47fc00a2c39e90264f33305004495a9","hash":"70e016d912603786852a2aa4149e6873d65109be"}
,"C:\\Users\\User\\IdeaProjects\\CF7-Node\\usersApp\\routes\\user.products.routes.js": {"path":"C:\\Users\\User\\IdeaProjects\\CF7-Node\\usersApp\\routes\\user.products.routes.js","statementMap":{"0":{"start":{"line":1,"column":16},"end":{"line":1,"column":34}},"1":{"start":{"line":2,"column":15},"end":{"line":2,"column":31}},"2":{"start":{"line":4,"column":30},"end":{"line":4,"column":79}},"3":{"start":{"line":6,"column":0},"end":{"line":6,"column":47}},"4":{"start":{"line":7,"column":0},"end":{"line":7,"column":56}},"5":{"start":{"line":8,"column":0},"end":{"line":8,"column":47}},"6":{"start":{"line":9,"column":0},"end":{"line":9,"column":57}},"7":{"start":{"line":10,"column":0},"end":{"line":10,"column":71}},"8":{"start":{"line":11,"column":0},"end":{"line":11,"column":58}},"9":{"start":{"line":13,"column":0},"end":{"line":13,"column":24}}},"fnMap":{},"branchMap":{},"s":{"0":1,"1":1,"2":1,"3":1,"4":1,"5":1,"6":1,"7":1,"8":1,"9":1},"f":{},"b":{},"_coverageSchema":"1a1c01bbd47fc00a2c39e90264f33305004495a9","hash":"b4b0a0ffd227721ef56f7b0802733e65f06d6527"}
,"C:\\Users\\User\\IdeaProjects\\CF7-Node\\usersApp\\routes\\user.routes.js": {"path":"C:\\Users\\User\\IdeaProjects\\CF7-Node\\usersApp\\routes\\user.routes.js","statementMap":{"0":{"start":{"line":1,"column":16},"end":{"line":1,"column":34}},"1":{"start":{"line":2,"column":15},"end":{"line":2,"column":31}},"2":{"start":{"line":4,"column":23},"end":{"line":4,"column":64}},"3":{"start":{"line":5,"column":20},"end":{"line":5,"column":73}},"4":{"start":{"line":6,"column":20},"end":{"line":6,"column":73}},"5":{"start":{"line":9,"column":0},"end":{"line":9,"column":40}},"6":{"start":{"line":10,"column":0},"end":{"line":10,"column":49}},"7":{"start":{"line":11,"column":0},"end":{"line":11,"column":74}},"8":{"start":{"line":12,"column":0},"end":{"line":12,"column":84}},"9":{"start":{"line":13,"column":0},"end":{"line":13,"column":95}},"10":{"start":{"line":14,"column":0},"end":{"line":14,"column":105}},"11":{"start":{"line":17,"column":0},"end":{"line":17,"column":24}}},"fnMap":{},"branchMap":{},"s":{"0":1,"1":1,"2":1,"3":1,"4":1,"5":1,"6":1,"7":1,"8":1,"9":1,"10":1,"11":1},"f":{},"b":{},"_coverageSchema":"1a1c01bbd47fc00a2c39e90264f33305004495a9","hash":"8d15a9c5a3a742721645ab0ea56e3f8efabc3538"}
,"C:\\Users\\User\\IdeaProjects\\CF7-Node\\usersApp\\services\\auth.service.js": {"path":"C:\\Users\\User\\IdeaProjects\\CF7-Node\\usersApp\\services\\auth.service.js","statementMap":{"0":{"start":{"line":1,"column":12},"end":{"line":1,"column":35}},"1":{"start":{"line":2,"column":25},"end":{"line":2,"column":55}},"2":{"start":{"line":8,"column":2},"end":{"line":8,"column":36}},"3":{"start":{"line":10,"column":18},"end":{"line":14,"column":3}},"4":{"start":{"line":16,"column":17},"end":{"line":16,"column":41}},"5":{"start":{"line":18,"column":18},"end":{"line":18,"column":36}},"6":{"start":{"line":20,"column":2},"end":{"line":20,"column":59}},"7":{"start":{"line":21,"column":2},"end":{"line":21,"column":44}},"8":{"start":{"line":25,"column":17},"end":{"line":25,"column":41}},"9":{"start":{"line":27,"column":2},"end":{"line":35,"column":3}},"10":{"start":{"line":28,"column":20},"end":{"line":28,"column":45}},"11":{"start":{"line":30,"column":4},"end":{"line":30,"column":40}},"12":{"start":{"line":31,"column":4},"end":{"line":31,"column":22}},"13":{"start":{"line":32,"column":4},"end":{"line":32,"column":44}},"14":{"start":{"line":34,"column":4},"end":{"line":34,"column":49}},"15":{"start":{"line":40,"column":2},"end":{"line":40,"column":36}},"16":{"start":{"line":41,"column":20},"end":{"line":41,"column":48}},"17":{"start":{"line":42,"column":24},"end":{"line":42,"column":56}},"18":{"start":{"line":43,"column":23},"end":{"line":43,"column":47}},"19":{"start":{"line":45,"column":23},"end":{"line":45,"column":79}},"20":{"start":{"line":47,"column":2},"end":{"line":66,"column":3}},"21":{"start":{"line":49,"column":23},"end":{"line":49,"column":56}},"22":{"start":{"line":50,"column":4},"end":{"line":50,"column":33}},"23":{"start":{"line":51,"column":4},"end":{"line":51,"column":39}},"24":{"start":{"line":53,"column":19},"end":{"line":56,"column":6}},"25":{"start":{"line":58,"column":4},"end":{"line":58,"column":25}},"26":{"start":{"line":60,"column":21},"end":{"line":60,"column":46}},"27":{"start":{"line":61,"column":4},"end":{"line":61,"column":41}},"28":{"start":{"line":62,"column":4},"end":{"line":62,"column":35}},"29":{"start":{"line":64,"column":4},"end":{"line":64,"column":57}},"30":{"start":{"line":65,"column":4},"end":{"line":65,"column":57}},"31":{"start":{"line":69,"column":0},"end":{"line":69,"column":71}}},"fnMap":{"0":{"name":"generateAccessToken","decl":{"start":{"line":6,"column":9},"end":{"line":6,"column":28}},"loc":{"start":{"line":6,"column":34},"end":{"line":22,"column":1}},"line":6},"1":{"name":"verifyAccessToken","decl":{"start":{"line":24,"column":9},"end":{"line":24,"column":26}},"loc":{"start":{"line":24,"column":33},"end":{"line":36,"column":1}},"line":24},"2":{"name":"googleAuth","decl":{"start":{"line":39,"column":15},"end":{"line":39,"column":25}},"loc":{"start":{"line":39,"column":32},"end":{"line":67,"column":1}},"line":39}},"branchMap":{},"s":{"0":1,"1":1,"2":2,"3":2,"4":2,"5":2,"6":2,"7":2,"8":0,"9":0,"10":0,"11":0,"12":0,"13":0,"14":0,"15":0,"16":0,"17":0,"18":0,"19":0,"20":0,"21":0,"22":0,"23":0,"24":0,"25":0,"26":0,"27":0,"28":0,"29":0,"30":0,"31":1},"f":{"0":2,"1":0,"2":0},"b":{},"_coverageSchema":"1a1c01bbd47fc00a2c39e90264f33305004495a9","hash":"21c1d41a5ef2d99bf2a5d637b6bce7a7b14b3dcd"}
,"C:\\Users\\User\\IdeaProjects\\CF7-Node\\usersApp\\services\\user.services.js": {"path":"C:\\Users\\User\\IdeaProjects\\CF7-Node\\usersApp\\services\\user.services.js","statementMap":{"0":{"start":{"line":1,"column":13},"end":{"line":1,"column":44}},"1":{"start":{"line":4,"column":19},"end":{"line":4,"column":30}},"2":{"start":{"line":5,"column":4},"end":{"line":5,"column":18}},"3":{"start":{"line":9,"column":19},"end":{"line":9,"column":52}},"4":{"start":{"line":10,"column":4},"end":{"line":10,"column":18}},"5":{"start":{"line":13,"column":0},"end":{"line":13,"column":36}}},"fnMap":{"0":{"name":"findAll","decl":{"start":{"line":3,"column":9},"end":{"line":3,"column":16}},"loc":{"start":{"line":3,"column":18},"end":{"line":6,"column":1}},"line":3},"1":{"name":"findOne","decl":{"start":{"line":8,"column":9},"end":{"line":8,"column":16}},"loc":{"start":{"line":8,"column":26},"end":{"line":11,"column":1}},"line":8}},"branchMap":{},"s":{"0":1,"1":2,"2":2,"3":0,"4":0,"5":1},"f":{"0":2,"1":0},"b":{},"_coverageSchema":"1a1c01bbd47fc00a2c39e90264f33305004495a9","hash":"3e420b51b5ac28ad45621156223da838cc14535c"}
}
