TN:
SF:app.js
FNF:0
FNH:0
DA:1,1
DA:2,1
DA:3,1
DA:6,1
DA:7,1
DA:9,1
DA:10,1
DA:12,1
DA:13,1
DA:14,1
DA:16,1
DA:22,1
DA:23,1
DA:24,1
DA:26,1
DA:28,1
DA:33,1
LF:17
LH:17
BRF:0
BRH:0
end_of_record
TN:
SF:swagger.js
FNF:0
FNH:0
DA:1,1
DA:2,1
DA:4,1
LF:3
LH:3
BRF:0
BRH:0
end_of_record
TN:
SF:controllers\auth.controller.js
FN:5,(anonymous_0)
FN:49,(anonymous_1)
FNF:2
FNH:0
FNDA:0,(anonymous_0)
FNDA:0,(anonymous_1)
DA:1,1
DA:2,1
DA:3,1
DA:5,1
DA:6,0
DA:8,0
DA:9,0
DA:12,0
DA:13,0
DA:15,0
DA:19,0
DA:21,0
DA:23,0
DA:25,0
DA:28,0
DA:29,0
DA:49,1
DA:50,0
DA:52,0
DA:53,0
DA:55,0
DA:56,0
DA:58,0
DA:59,0
DA:60,0
DA:62,0
DA:63,0
DA:66,0
DA:67,0
LF:29
LH:5
BRDA:19,0,0,0
BRDA:19,0,1,0
BRDA:19,1,0,0
BRDA:19,1,1,0
BRDA:19,1,2,0
BRDA:52,2,0,0
BRDA:52,2,1,0
BRDA:58,3,0,0
BRDA:58,3,1,0
BRDA:58,4,0,0
BRDA:58,4,1,0
BRDA:63,5,0,0
BRDA:63,5,1,0
BRDA:66,6,0,0
BRDA:66,6,1,0
BRF:15
BRH:0
end_of_record
TN:
SF:controllers\user.controller.js
FN:8,(anonymous_0)
FN:25,(anonymous_1)
FN:43,(anonymous_2)
FN:71,(anonymous_3)
FN:93,(anonymous_4)
FN:107,(anonymous_5)
FNF:6
FNH:5
FNDA:1,(anonymous_0)
FNDA:1,(anonymous_1)
FNDA:4,(anonymous_2)
FNDA:1,(anonymous_3)
FNDA:1,(anonymous_4)
FNDA:0,(anonymous_5)
DA:1,1
DA:2,1
DA:3,1
DA:5,1
DA:8,1
DA:9,1
DA:11,1
DA:13,1
DA:14,1
DA:15,1
DA:16,1
DA:17,1
DA:19,0
DA:20,0
DA:21,0
DA:25,1
DA:26,1
DA:27,1
DA:29,1
DA:31,1
DA:32,1
DA:33,1
DA:35,0
DA:38,0
DA:39,0
DA:43,1
DA:44,4
DA:45,4
DA:47,4
DA:48,4
DA:50,4
DA:62,4
DA:63,4
DA:64,1
DA:66,3
DA:67,3
DA:71,1
DA:72,1
DA:74,1
DA:75,1
DA:84,1
DA:85,1
DA:86,1
DA:88,0
DA:89,0
DA:93,1
DA:94,1
DA:95,1
DA:97,1
DA:98,1
DA:99,1
DA:101,0
DA:102,0
DA:107,1
DA:108,0
DA:109,0
DA:110,0
DA:112,0
DA:113,0
DA:114,0
DA:116,0
DA:117,0
LF:62
LH:44
BRDA:32,0,0,1
BRDA:32,0,1,0
BRF:2
BRH:1
end_of_record
TN:
SF:controllers\user.product.controller.js
FN:4,(anonymous_0)
FN:17,(anonymous_1)
FN:31,(anonymous_2)
FN:53,(anonymous_3)
FN:76,(anonymous_4)
FN:98,(anonymous_5)
FNF:6
FNH:0
FNDA:0,(anonymous_0)
FNDA:0,(anonymous_1)
FNDA:0,(anonymous_2)
FNDA:0,(anonymous_3)
FNDA:0,(anonymous_4)
FNDA:0,(anonymous_5)
DA:2,1
DA:4,1
DA:5,0
DA:7,0
DA:8,0
DA:9,0
DA:10,0
DA:12,0
DA:13,0
DA:17,1
DA:18,0
DA:19,0
DA:21,0
DA:22,0
DA:23,0
DA:24,0
DA:26,0
DA:27,0
DA:31,1
DA:32,0
DA:33,0
DA:34,0
DA:36,0
DA:37,0
DA:45,0
DA:46,0
DA:48,0
DA:49,0
DA:53,1
DA:54,0
DA:55,0
DA:56,0
DA:58,0
DA:60,0
DA:61,0
DA:62,0
DA:69,0
DA:71,0
DA:72,0
DA:76,1
DA:77,0
DA:78,0
DA:80,0
DA:82,0
DA:83,0
DA:91,0
DA:93,0
DA:94,0
DA:98,1
DA:99,0
DA:101,0
DA:102,0
DA:124,0
DA:126,0
DA:127,0
LF:55
LH:7
BRF:0
BRH:0
end_of_record
TN:
SF:logger\logger.js
FNF:0
FNH:0
DA:1,1
DA:42,1
DA:43,1
DA:44,1
DA:45,1
DA:46,1
DA:47,1
DA:55,1
DA:97,1
LF:9
LH:9
BRF:0
BRH:0
end_of_record
TN:
SF:middlewares\auth.middleware.js
FN:4,verifyToken
FN:23,verifyRoles
FN:24,(anonymous_2)
FNF:3
FNH:3
FNDA:8,verifyToken
FNDA:4,verifyRoles
FNDA:6,(anonymous_2)
DA:1,1
DA:2,1
DA:5,8
DA:7,8
DA:9,8
DA:10,0
DA:13,8
DA:15,8
DA:16,8
DA:17,8
DA:19,0
DA:24,4
DA:26,6
DA:27,0
DA:29,6
DA:31,6
DA:33,6
DA:34,0
DA:36,6
DA:40,1
LF:20
LH:16
BRDA:7,0,0,8
BRDA:7,0,1,8
BRDA:9,1,0,0
BRDA:9,1,1,8
BRDA:15,2,0,8
BRDA:15,2,1,0
BRDA:26,3,0,0
BRDA:26,3,1,6
BRDA:26,4,0,6
BRDA:26,4,1,6
BRDA:33,5,0,0
BRDA:33,5,1,6
BRF:12
BRH:8
end_of_record
TN:
SF:models\user.model.js
FNF:0
FNH:0
DA:1,1
DA:3,1
DA:5,1
DA:10,1
DA:15,1
DA:22,1
DA:65,1
LF:7
LH:7
BRF:0
BRH:0
end_of_record
TN:
SF:routes\auth.routes.js
FNF:0
FNH:0
DA:1,1
DA:3,1
DA:5,1
DA:7,1
DA:8,1
DA:10,1
LF:6
LH:6
BRF:0
BRH:0
end_of_record
TN:
SF:routes\user.products.routes.js
FNF:0
FNH:0
DA:1,1
DA:2,1
DA:4,1
DA:6,1
DA:7,1
DA:8,1
DA:9,1
DA:10,1
DA:11,1
DA:13,1
LF:10
LH:10
BRF:0
BRH:0
end_of_record
TN:
SF:routes\user.routes.js
FNF:0
FNH:0
DA:1,1
DA:2,1
DA:4,1
DA:5,1
DA:6,1
DA:9,1
DA:10,1
DA:11,1
DA:12,1
DA:13,1
DA:14,1
DA:16,1
LF:12
LH:12
BRF:0
BRH:0
end_of_record
TN:
SF:services\auth.service.js
FN:5,generateAccessToken
FN:23,verifyAccessToken
FN:38,googleAuth
FNF:3
FNH:2
FNDA:2,generateAccessToken
FNDA:8,verifyAccessToken
FNDA:0,googleAuth
DA:1,1
DA:2,1
DA:9,2
DA:15,2
DA:17,2
DA:19,2
DA:20,2
DA:24,8
DA:26,8
DA:27,8
DA:30,8
DA:31,8
DA:33,0
DA:39,0
DA:40,0
DA:41,0
DA:42,0
DA:45,0
DA:47,0
DA:49,0
DA:50,0
DA:51,0
DA:53,0
DA:58,0
DA:60,0
DA:61,0
DA:62,0
DA:64,0
DA:65,0
DA:69,1
LF:30
LH:13
BRF:0
BRH:0
end_of_record
TN:
SF:services\user.services.js
FN:3,findAll
FN:8,findOne
FN:13,findLastInsertedUser
FNF:3
FNH:3
FNDA:1,findAll
FNDA:1,findOne
FNDA:3,findLastInsertedUser
DA:1,1
DA:4,1
DA:5,1
DA:9,1
DA:10,1
DA:14,3
DA:16,3
DA:17,3
DA:18,3
DA:19,3
DA:21,0
DA:22,0
DA:26,1
LF:13
LH:11
BRF:0
BRH:0
end_of_record
